0 info it worked if it ends with ok
1 verbose cli [ 'node', '/bin/npm', 'start' ]
2 info using npm@3.5.2
3 info using node@v0.10.36
4 verbose node symlink /bin/node
5 verbose stack Error: missing script: start
5 verbose stack     at run (/usr/lib/node_modules/npm/lib/run-script.js:147:19)
5 verbose stack     at /usr/lib/node_modules/npm/lib/run-script.js:57:5
5 verbose stack     at /usr/lib/node_modules/npm/node_modules/read-package-json/read-json.js:345:5
5 verbose stack     at checkBinReferences_ (/usr/lib/node_modules/npm/node_modules/read-package-json/read-json.js:309:45)
5 verbose stack     at final (/usr/lib/node_modules/npm/node_modules/read-package-json/read-json.js:343:3)
5 verbose stack     at then (/usr/lib/node_modules/npm/node_modules/read-package-json/read-json.js:113:5)
5 verbose stack     at /usr/lib/node_modules/npm/node_modules/read-package-json/read-json.js:284:20
5 verbose stack     at /usr/lib/node_modules/npm/node_modules/graceful-fs/graceful-fs.js:76:16
5 verbose stack     at fs.js:208:20
5 verbose stack     at /usr/lib/node_modules/npm/node_modules/graceful-fs/graceful-fs.js:230:16
6 verbose cwd /var/www/ligerdriver.xyz/public_html/apps
7 error Linux 3.10.0-229.20.1.el7.x86_64
8 error argv "node" "/bin/npm" "start"
9 error node v0.10.36
10 error npm  v3.5.2
11 error missing script: start
12 error If you need help, you may report this error at:
12 error     <https://github.com/npm/npm/issues>
13 verbose exit [ 1, true ]
